<?xml version="1.0" encoding="UTF-8"?>
<testsuite xmlns:xsi="http://www.w3.org/2001/XMLSchema-instance" xsi:noNamespaceSchemaLocation="https://maven.apache.org/surefire/maven-surefire-plugin/xsd/surefire-test-report.xsd" name="com.cs542.app.C2plTest" time="55.833" tests="4" errors="0" skipped="0" failures="0">
  <properties>
[...]
</properties>
  <testcase name="testTriggerDeadlock" classname="com.cs542.app.C2plTest" time="3.138"/>
  <testcase name="testBasic" classname="com.cs542.app.C2plTest" time="1.693"/>
  <testcase name="testNodes" classname="com.cs542.app.C2plTest" time="34.354"/>
  <testcase name="testTriggerDeadlock4" classname="com.cs542.app.C2plTest" time="16.614"/>
</testsuite>